<?xml version='1.0' encoding='UTF-8'?>
<testsuite hostname="Tylers-MacBook-Pro.local" name="edu.colorado.csci3155.project1.CompilerTest" tests="8" errors="0" failures="0" skipped="0" time="0.019" timestamp="2021-06-21T08:05:49">
                     <properties>
      <property name="awt.toolkit" value="sun.lwawt.macosx.LWCToolkit"/><property name="java.specification.version" value="11"/><property name="sun.cpu.isalist" value=""/><property name="sun.jnu.encoding" value="UTF-8"/><property name="sun.arch.data.model" value="64"/><property name="sbt.supershell" value="false"/><property name="java.vendor.url" value="https://openjdk.java.net/"/><property name="sun.boot.library.path" value="/Library/Java/JavaVirtualMachines/jdk-11.0.11.jdk/Contents/Home/lib"/><property name="sun.java.command" value="/Users/tylercranmer/Library/Application Support/JetBrains/IntelliJIdea2021.1/plugins/Scala/launcher/sbt-launch.jar early(addPluginSbtFile=&quot;&quot;&quot;/private/var/folders/8l/21c6qx3d1kx_wxpsc0n2_qdw0000gn/T/idea.sbt&quot;&quot;&quot;) ; set ideaPort in Global := 58423 ; idea-shell"/><property name="jdk.debug" value="release"/><property name="java.specification.vendor" value="Oracle Corporation"/><property name="java.version.date" value="2021-04-20"/><property name="java.home" value="/Library/Java/JavaVirtualMachines/jdk-11.0.11.jdk/Contents/Home"/><property name="file.separator" value="/"/><property name="java.vm.compressedOopsMode" value="Zero based"/><property name="line.separator" value="
"/><property name="java.specification.name" value="Java Platform API Specification"/><property name="java.vm.specification.vendor" value="Oracle Corporation"/><property name="idea.installation.dir" value="/Applications/IntelliJ IDEA.app/Contents"/><property name="sun.management.compiler" value="HotSpot 64-Bit Tiered Compilers"/><property name="java.runtime.version" value="11.0.11+9-LTS-194"/><property name="user.name" value="tylercranmer"/><property name="log4j.ignoreTCL" value="true"/><property name="file.encoding" value="UTF-8"/><property name="jnidispatch.path" value="/Users/tylercranmer/Library/Caches/JNA/temp/jna3759230242812059175.tmp"/><property name="java.vendor.version" value="18.9"/><property name="jna.loaded" value="true"/><property name="java.io.tmpdir" value="/var/folders/8l/21c6qx3d1kx_wxpsc0n2_qdw0000gn/T/"/><property name="java.version" value="11.0.11"/><property name="java.vm.specification.name" value="Java Virtual Machine Specification"/><property name="java.awt.printerjob" value="sun.lwawt.macosx.CPrinterJob"/><property name="sun.os.patch.level" value="unknown"/><property name="java.library.path" value="/Users/tylercranmer/Library/Java/Extensions:/Library/Java/Extensions:/Network/Library/Java/Extensions:/System/Library/Java/Extensions:/usr/lib/java:."/><property name="java.vendor" value="Oracle Corporation"/><property name="sun.io.unicode.encoding" value="UnicodeBig"/><property name="socksNonProxyHosts" value="local|*.local|169.254/16|*.169.254/16"/><property name="gopherProxySet" value="false"/><property name="java.class.path" value="/Users/tylercranmer/Library/Application Support/JetBrains/IntelliJIdea2021.1/plugins/Scala/launcher/sbt-launch.jar"/><property name="java.vm.vendor" value="Oracle Corporation"/><property name="jline.shutdownhook" value="false"/><property name="user.timezone" value="America/Los_Angeles"/><property name="os.name" value="Mac OS X"/><property name="java.vm.specification.version" value="11"/><property name="sun.java.launcher" value="SUN_STANDARD"/><property name="user.country" value="US"/><property name="http.nonProxyHosts" value="local|*.local|169.254/16|*.169.254/16"/><property name="sun.cpu.endian" value="little"/><property name="user.home" value="/Users/tylercranmer"/><property name="user.language" value="en"/><property name="swoval.tmpdir" value="/Users/tylercranmer/.sbt/1.0"/><property name="java.awt.graphicsenv" value="sun.awt.CGraphicsEnvironment"/><property name="jline.esc.timeout" value="0"/><property name="ftp.nonProxyHosts" value="local|*.local|169.254/16|*.169.254/16"/><property name="path.separator" value=":"/><property name="os.version" value="10.16"/><property name="jna.nosys" value="true"/><property name="java.runtime.name" value="Java(TM) SE Runtime Environment"/><property name="java.vm.name" value="Java HotSpot(TM) 64-Bit Server VM"/><property name="jna.platform.library.path" value="/usr/lib:/usr/lib"/><property name="java.vendor.url.bug" value="https://bugreport.java.com/bugreport/"/><property name="user.dir" value="/Users/tylercranmer/Documents/College/Principles_Programming/csci3155_s20_project1"/><property name="os.arch" value="x86_64"/><property name="idea.managed" value="true"/><property name="java.vm.info" value="mixed mode"/><property name="java.vm.version" value="11.0.11+9-LTS-194"/><property name="java.class.version" value="55.0"/>
    </properties>
                     <testcase classname="edu.colorado.csci3155.project1.CompilerTest" name="simple expression 1" time="0.011">
                                                 
                                               </testcase><testcase classname="edu.colorado.csci3155.project1.CompilerTest" name="simple expression 2" time="0.001">
                                                 
                                               </testcase><testcase classname="edu.colorado.csci3155.project1.CompilerTest" name="simple expression 3" time="0.003">
                                                 
                                               </testcase><testcase classname="edu.colorado.csci3155.project1.CompilerTest" name="simple expression 4" time="0.002">
                                                 
                                               </testcase><testcase classname="edu.colorado.csci3155.project1.CompilerTest" name="LetBinding + Ident Test 1" time="0.0">
                                                 
                                               </testcase><testcase classname="edu.colorado.csci3155.project1.CompilerTest" name="LetBinding + Ident Test 2" time="0.001">
                                                 
                                               </testcase><testcase classname="edu.colorado.csci3155.project1.CompilerTest" name="LetBinding + Ident Test 3" time="0.0">
                                                 
                                               </testcase><testcase classname="edu.colorado.csci3155.project1.CompilerTest" name="LetBinding + Ident Test 4" time="0.001">
                                                 
                                               </testcase>
                     <system-out><![CDATA[]]></system-out>
                     <system-err><![CDATA[]]></system-err>
                   </testsuite>